<?xml version="1.0" encoding="UTF-8"?>
<testng-results ignored="0" total="1" passed="0" failed="1" skipped="0">
  <reporter-output>
  </reporter-output>
  <suite started-at="2022-05-01T21:09:41Z" name="Default suite" finished-at="2022-05-01T21:10:59Z" duration-ms="78393">
    <groups>
      <group name="cucumber">
        <method signature="AbstractTestNGCucumberTests.runScenario(io.cucumber.testng.PickleWrapper, io.cucumber.testng.FeatureWrapper)[pri:0, instance:cucumberOptions.TestRunner@1f53a5dc]" name="runScenario" class="io.cucumber.testng.AbstractTestNGCucumberTests"/>
      </group> <!-- cucumber -->
    </groups>
    <test started-at="2022-05-01T21:09:41Z" name="Default test" finished-at="2022-05-01T21:10:59Z" duration-ms="78393">
      <class name="cucumberOptions.TestRunner">
        <test-method is-config="true" signature="setUpClass()[pri:0, instance:cucumberOptions.TestRunner@1f53a5dc]" started-at="2022-05-01T21:09:41Z" name="setUpClass" finished-at="2022-05-01T21:09:42Z" duration-ms="1406" status="PASS">
          <reporter-output>
          </reporter-output>
        </test-method> <!-- setUpClass -->
        <test-method signature="runScenario(io.cucumber.testng.PickleWrapper, io.cucumber.testng.FeatureWrapper)[pri:0, instance:cucumberOptions.TestRunner@1f53a5dc]" started-at="2022-05-01T21:09:42Z" name="runScenario" description="Runs Cucumber Scenarios" data-provider="scenarios" finished-at="2022-05-01T21:10:55Z" duration-ms="73014" status="FAIL">
          <params>
            <param index="0">
              <value>
                <![CDATA["Verification of Login Function"]]>
              </value>
            </param>
            <param index="1">
              <value>
                <![CDATA["Optional[Login into Application]"]]>
              </value>
            </param>
          </params>
          <exception class="java.lang.RuntimeException">
            <message>
              <![CDATA[Expected condition failed: waiting for visibility of Proxy element for: DefaultElementLocator 'By.cssSelector: [class='_2IX_2- VJZDxU']' (tried for 50 second(s) with 500 milliseconds interval)]]>
            </message>
            <full-stacktrace>
              <![CDATA[java.lang.RuntimeException: Expected condition failed: waiting for visibility of Proxy element for: DefaultElementLocator 'By.cssSelector: [class='_2IX_2- VJZDxU']' (tried for 50 second(s) with 500 milliseconds interval)
at com.commonactions.Commonactions.waitForElement(Commonactions.java:907)
at com.pages.LoginPage.validateLoginFunction(LoginPage.java:74)
at stepDefinations.stepDefination.user_enters_user1_and_password1_and_logs_in(stepDefination.java:60)
at ✽.user enters 8983844553 and Him@nshu77990 and logs in(file:///C:/Users/HIMANSHU/Documents/workspace/FlipKartCucumber/src/test/java/features/login.feature:9)
]]>
            </full-stacktrace>
          </exception> <!-- java.lang.RuntimeException -->
          <reporter-output>
          </reporter-output>
        </test-method> <!-- runScenario -->
        <test-method is-config="true" signature="tearDownClass()[pri:0, instance:cucumberOptions.TestRunner@1f53a5dc]" started-at="2022-05-01T21:10:55Z" name="tearDownClass" finished-at="2022-05-01T21:10:59Z" duration-ms="3922" status="FAIL">
          <exception class="java.lang.NoSuchMethodError">
            <message>
              <![CDATA['void org.apache.pdfbox.pdmodel.interactive.annotation.PDAnnotation.constructAppearances()']]>
            </message>
            <full-stacktrace>
              <![CDATA[java.lang.NoSuchMethodError: 'void org.apache.pdfbox.pdmodel.interactive.annotation.PDAnnotation.constructAppearances()'
at org.vandeseer.easytable.drawing.cell.ParagraphCellDrawer.drawContent(ParagraphCellDrawer.java:57)
at org.vandeseer.easytable.TableDrawer.lambda$new$0(TableDrawer.java:61)
at org.vandeseer.easytable.TableDrawer.drawRow(TableDrawer.java:170)
at org.vandeseer.easytable.TableDrawer.drawWithFunction(TableDrawer.java:153)
at org.vandeseer.easytable.TableDrawer.lambda$drawPage$1(TableDrawer.java:83)
at java.base/java.lang.Iterable.forEach(Iterable.java:75)
at org.vandeseer.easytable.TableDrawer.drawPage(TableDrawer.java:82)
at org.vandeseer.easytable.TableDrawer.draw(TableDrawer.java:78)
at tech.grasshopper.pdf.chapter.detailed.DetailedRowComponent.display(DetailedRowComponent.java:90)
at tech.grasshopper.pdf.chapter.detailed.DetailedPage.lambda$0(DetailedPage.java:42)
at java.base/java.util.ArrayList.forEach(ArrayList.java:1511)
at tech.grasshopper.pdf.chapter.detailed.DetailedPage.createPage(DetailedPage.java:39)
at tech.grasshopper.pdf.chapter.detailed.DetailedChapter.sendToPage(DetailedChapter.java:115)
at tech.grasshopper.pdf.chapter.detailed.DetailedChapter.createAndSendPageData(DetailedChapter.java:104)
at tech.grasshopper.pdf.chapter.detailed.DetailedChapter.createChapter(DetailedChapter.java:28)
at tech.grasshopper.pdf.PDFCucumberReport.lambda$0(PDFCucumberReport.java:100)
at java.base/java.util.ArrayList.forEach(ArrayList.java:1511)
at tech.grasshopper.pdf.PDFCucumberReport.createReport(PDFCucumberReport.java:100)
at tech.grasshopper.pdf.extent.ExtentPDFCucumberReporter.flush(ExtentPDFCucumberReporter.java:66)
at tech.grasshopper.pdf.extent.ExtentPDFCucumberReporter.access$1(ExtentPDFCucumberReporter.java:57)
at tech.grasshopper.pdf.extent.ExtentPDFCucumberReporter$1.onNext(ExtentPDFCucumberReporter.java:42)
at tech.grasshopper.pdf.extent.ExtentPDFCucumberReporter$1.onNext(ExtentPDFCucumberReporter.java:1)
at io.reactivex.rxjava3.subjects.PublishSubject$PublishDisposable.onNext(PublishSubject.java:310)
at io.reactivex.rxjava3.subjects.PublishSubject.onNext(PublishSubject.java:226)
at com.aventstack.extentreports.ReactiveSubject.onFlush(ReactiveSubject.java:83)
at com.aventstack.extentreports.AbstractProcessor.onFlush(AbstractProcessor.java:85)
at com.aventstack.extentreports.ExtentReports.flush(ExtentReports.java:284)
at com.aventstack.extentreports.cucumber.adapter.ExtentCucumberAdapter.finishReport(ExtentCucumberAdapter.java:296)
at com.aventstack.extentreports.cucumber.adapter.ExtentCucumberAdapter.access$6(ExtentCucumberAdapter.java:295)
at com.aventstack.extentreports.cucumber.adapter.ExtentCucumberAdapter$8.receive(ExtentCucumberAdapter.java:132)
at com.aventstack.extentreports.cucumber.adapter.ExtentCucumberAdapter$8.receive(ExtentCucumberAdapter.java:1)
at io.cucumber.core.eventbus.AbstractEventPublisher.send(AbstractEventPublisher.java:51)
at io.cucumber.core.eventbus.AbstractEventBus.send(AbstractEventBus.java:12)
at io.cucumber.core.runtime.CucumberExecutionContext.emitTestRunFinished(CucumberExecutionContext.java:93)
at io.cucumber.core.runtime.CucumberExecutionContext.finishTestRun(CucumberExecutionContext.java:74)
at io.cucumber.testng.TestNGCucumberRunner.finish(TestNGCucumberRunner.java:126)
at io.cucumber.testng.AbstractTestNGCucumberTests.tearDownClass(AbstractTestNGCucumberTests.java:53)
at java.base/jdk.internal.reflect.NativeMethodAccessorImpl.invoke0(Native Method)
at java.base/jdk.internal.reflect.NativeMethodAccessorImpl.invoke(NativeMethodAccessorImpl.java:64)
at java.base/jdk.internal.reflect.DelegatingMethodAccessorImpl.invoke(DelegatingMethodAccessorImpl.java:43)
at java.base/java.lang.reflect.Method.invoke(Method.java:564)
at org.testng.internal.MethodInvocationHelper.invokeMethod(MethodInvocationHelper.java:124)
at org.testng.internal.MethodInvocationHelper.invokeMethodConsideringTimeout(MethodInvocationHelper.java:59)
at org.testng.internal.Invoker.invokeConfigurationMethod(Invoker.java:458)
at org.testng.internal.Invoker.invokeConfigurations(Invoker.java:222)
at org.testng.internal.Invoker.invokeConfigurations(Invoker.java:142)
at org.testng.internal.TestMethodWorker.invokeAfterClassMethods(TestMethodWorker.java:214)
at org.testng.internal.TestMethodWorker.run(TestMethodWorker.java:111)
at org.testng.TestRunner.privateRun(TestRunner.java:648)
at org.testng.TestRunner.run(TestRunner.java:505)
at org.testng.SuiteRunner.runTest(SuiteRunner.java:455)
at org.testng.SuiteRunner.runSequentially(SuiteRunner.java:450)
at org.testng.SuiteRunner.privateRun(SuiteRunner.java:415)
at org.testng.SuiteRunner.run(SuiteRunner.java:364)
at org.testng.SuiteRunnerWorker.runSuite(SuiteRunnerWorker.java:52)
at org.testng.SuiteRunnerWorker.run(SuiteRunnerWorker.java:84)
at org.testng.TestNG.runSuitesSequentially(TestNG.java:1208)
at org.testng.TestNG.runSuitesLocally(TestNG.java:1137)
at org.testng.TestNG.runSuites(TestNG.java:1049)
at org.testng.TestNG.run(TestNG.java:1017)
at org.testng.remote.AbstractRemoteTestNG.run(AbstractRemoteTestNG.java:115)
at org.testng.remote.RemoteTestNG.initAndRun(RemoteTestNG.java:251)
at org.testng.remote.RemoteTestNG.main(RemoteTestNG.java:77)
]]>
            </full-stacktrace>
          </exception> <!-- java.lang.NoSuchMethodError -->
          <reporter-output>
          </reporter-output>
        </test-method> <!-- tearDownClass -->
      </class> <!-- cucumberOptions.TestRunner -->
    </test> <!-- Default test -->
  </suite> <!-- Default suite -->
</testng-results>
